<?xml version="1.0" encoding="UTF-8"?>
<testsuite name="org.example.MainTest" tests="4" skipped="0" failures="0" errors="0" timestamp="2023-02-20T08:19:19" hostname="DESKTOP-HAPLGAQ" time="0.013">
  <properties/>
  <testcase name="zadachatest1" classname="org.example.MainTest" time="0.011"/>
  <testcase name="zadachatest2" classname="org.example.MainTest" time="0.0"/>
  <testcase name="zadachatest3" classname="org.example.MainTest" time="0.001"/>
  <testcase name="zadachatest4" classname="org.example.MainTest" time="0.001"/>
  <system-out><![CDATA[Р’РІРµРґРёС‚Рµ РіРѕРґ:
Р’РІРµРґРёС‚Рµ РіРѕРґ:
Р’РІРµРґРёС‚Рµ РіРѕРґ:
Р’РІРµРґРёС‚Рµ РіРѕРґ:
]]></system-out>
  <system-err><![CDATA[]]></system-err>
</testsuite>
