<?xml version="1.0" encoding="UTF-8"?>
<testsuite name="org.example.MainTest" tests="1" skipped="0" failures="0" errors="0" timestamp="2023-02-06T10:09:54" hostname="DESKTOP-HAPLGAQ" time="0.008">
  <properties/>
  <testcase name="zadacha1" classname="org.example.MainTest" time="0.008"/>
  <system-out><![CDATA[]]></system-out>
  <system-err><![CDATA[]]></system-err>
</testsuite>
